[21Dec2024 00:00:18.455] [Server thread/INFO] [net.minecraft.server.MinecraftServer/]: [Not Secure] <Osettx> xaero-waypoint:portal:P:107:108:-61:0:false:0:Internal-the-nether-waypoints
[21Dec2024 00:00:38.002] [Server thread/INFO] [net.minecraft.server.MinecraftServer/]: camichamba777 tried to swim in lava
[21Dec2024 00:00:43.492] [Server thread/INFO] [net.minecraft.server.MinecraftServer/]: [Osettx: Teleported camichamba777 to Osettx]
[21Dec2024 00:00:56.958] [Server thread/INFO] [net.minecraft.server.MinecraftServer/]: [Not Secure] <camichamba777> como?
[21Dec2024 00:01:19.026] [Server thread/INFO] [net.minecraft.server.MinecraftServer/]: [Not Secure] <camichamba777> como coño abro el puto mapaa
[21Dec2024 00:01:46.041] [Server thread/INFO] [net.minecraft.server.MinecraftServer/]: [Not Secure] <camichamba777> xaero-waypoint:wd:W:386:~:522:12:false:0:Internal-the-nether-waypoints
[21Dec2024 00:02:03.351] [Server thread/INFO] [net.minecraft.server.MinecraftServer/]: [Not Secure] <camichamba777> xaero-waypoint:gui.xaero-deathpoint-old:D:240:74:373:0:false:0:Internal-the-nether-waypoints
[21Dec2024 00:02:07.265] [Server thread/INFO] [net.minecraft.server.MinecraftServer/]: [Not Secure] <camichamba777> es esta
[21Dec2024 00:02:10.150] [Server thread/INFO] [net.minecraft.server.MinecraftServer/]: [Osettx: Teleported Osettx to 240.500000, 74.500000, 373.500000]
[21Dec2024 00:02:16.519] [Server thread/INFO] [net.minecraft.server.MinecraftServer/]: [Osettx: Teleported camichamba777 to Osettx]
[21Dec2024 00:02:29.721] [Server thread/INFO] [net.minecraft.server.MinecraftServer/]: [Osettx: Teleported Osettx to 107.500000, 108.500000, -60.500000]
[21Dec2024 00:02:34.526] [Server thread/INFO] [net.minecraft.server.MinecraftServer/]: [Osettx: Teleported camichamba777 to Osettx]
[21Dec2024 00:04:04.851] [Server thread/INFO] [net.minecraft.server.MinecraftServer/]: [Not Secure] <camichamba777> dame 10 de xp pls
[21Dec2024 00:04:19.571] [Server thread/INFO] [net.minecraft.server.MinecraftServer/]: [Osettx: Set own game mode to Creative Mode]
[21Dec2024 00:04:30.408] [Server thread/INFO] [net.minecraft.server.MinecraftServer/]: [Osettx: Set own game mode to Survival Mode]
[21Dec2024 00:04:50.641] [Server thread/INFO] [net.minecraft.server.network.ServerGamePacketListenerImpl/]: Osettx lost connection: Disconnected
[21Dec2024 00:04:50.642] [Server thread/INFO] [net.minecraft.server.MinecraftServer/]: Osettx left the game
[21Dec2024 00:05:19.856] [Server thread/INFO] [net.minecraft.server.MinecraftServer/]: camichamba777 fell from a high place
[21Dec2024 00:05:45.753] [Server thread/INFO] [net.minecraft.server.MinecraftServer/]: camichamba777 fell from a high place
[21Dec2024 00:08:02.432] [Server thread/WARN] [net.minecraft.server.level.ServerLevel/]: Tried to add entity ancient_elements:undead_miner but it was marked as removed already
[21Dec2024 00:12:21.133] [Server thread/WARN] [net.minecraft.server.level.ServerLevel/]: Tried to add entity ancient_elements:undead_miner but it was marked as removed already
[21Dec2024 00:15:58.183] [Server thread/WARN] [net.minecraft.server.level.ServerLevel/]: Tried to add entity ancient_elements:undead_miner but it was marked as removed already
[21Dec2024 00:16:42.986] [Server thread/INFO] [net.minecraft.world.entity.npc.Villager/]: Villager Villager['Fisherman'/496521, l='ServerLevel[world]', x=721.33, y=66.00, z=-440.24] died, message: 'Fisherman was slain by Zombie'
